<?xml version="1.0" encoding="UTF-8"?>
<testsuite xmlns:xsi="http://www.w3.org/2001/XMLSchema-instance" xsi:schemaLocation="https://maven.apache.org/surefire/maven-surefire-plugin/xsd/surefire-test-report.xsd" name="TextProcessorTest" time="0.178" tests="34" errors="0" skipped="0" failures="0">
  <properties>
    <property name="java.runtime.name" value="OpenJDK Runtime Environment"/>
    <property name="java.vm.version" value="14.0.1+14"/>
    <property name="sun.boot.library.path" value="/usr/local/Cellar/openjdk/14.0.1/libexec/openjdk.jdk/Contents/Home/lib"/>
    <property name="maven.multiModuleProjectDirectory" value="/Users/asapersson/Documents/Johan IT-högskolan/maven/javaverktyg-labb2-junit"/>
    <property name="java.vm.vendor" value="Oracle Corporation"/>
    <property name="java.vendor.url" value="https://openjdk.java.net/"/>
    <property name="guice.disable.misplaced.annotation.check" value="true"/>
    <property name="path.separator" value=":"/>
    <property name="java.vm.name" value="OpenJDK 64-Bit Server VM"/>
    <property name="user.country" value="SE"/>
    <property name="sun.java.launcher" value="SUN_STANDARD"/>
    <property name="java.vm.specification.name" value="Java Virtual Machine Specification"/>
    <property name="user.dir" value="/Users/asapersson/Documents/Johan IT-högskolan/maven/javaverktyg-labb2-junit"/>
    <property name="java.vm.compressedOopsMode" value="Zero based"/>
    <property name="java.runtime.version" value="14.0.1+14"/>
    <property name="os.arch" value="x86_64"/>
    <property name="java.io.tmpdir" value="/var/folders/yb/1hk8bsyd455_f7slpc6plvlr0000gn/T/"/>
    <property name="line.separator" value="&#10;"/>
    <property name="java.vm.specification.vendor" value="Oracle Corporation"/>
    <property name="os.name" value="Mac OS X"/>
    <property name="classworlds.conf" value="/usr/local/Cellar/maven/3.6.3_1/libexec/bin/m2.conf"/>
    <property name="sun.jnu.encoding" value="UTF-8"/>
    <property name="java.library.path" value="/Users/asapersson/Library/Java/Extensions:/Library/Java/Extensions:/Network/Library/Java/Extensions:/System/Library/Java/Extensions:/usr/lib/java:."/>
    <property name="maven.conf" value="/usr/local/Cellar/maven/3.6.3_1/libexec/conf"/>
    <property name="jdk.debug" value="release"/>
    <property name="java.class.version" value="58.0"/>
    <property name="java.specification.name" value="Java Platform API Specification"/>
    <property name="sun.management.compiler" value="HotSpot 64-Bit Tiered Compilers"/>
    <property name="os.version" value="10.15.3"/>
    <property name="library.jansi.path" value="/usr/local/Cellar/maven/3.6.3_1/libexec/lib/jansi-native"/>
    <property name="http.nonProxyHosts" value="local|*.local|169.254/16|*.169.254/16"/>
    <property name="user.home" value="/Users/asapersson"/>
    <property name="user.timezone" value="Europe/Stockholm"/>
    <property name="file.encoding" value="UTF-8"/>
    <property name="java.specification.version" value="14"/>
    <property name="user.name" value="asapersson"/>
    <property name="java.class.path" value="/usr/local/Cellar/maven/3.6.3_1/libexec/boot/plexus-classworlds-2.6.0.jar"/>
    <property name="java.vm.specification.version" value="14"/>
    <property name="sun.arch.data.model" value="64"/>
    <property name="sun.java.command" value="org.codehaus.plexus.classworlds.launcher.Launcher test"/>
    <property name="java.home" value="/usr/local/Cellar/openjdk/14.0.1/libexec/openjdk.jdk/Contents/Home"/>
    <property name="user.language" value="sv"/>
    <property name="java.specification.vendor" value="Oracle Corporation"/>
    <property name="java.vm.info" value="mixed mode, sharing"/>
    <property name="java.version" value="14.0.1"/>
    <property name="java.vendor" value="N/A"/>
    <property name="maven.home" value="/usr/local/Cellar/maven/3.6.3_1/libexec"/>
    <property name="file.separator" value="/"/>
    <property name="java.version.date" value="2020-04-14"/>
    <property name="java.vendor.url.bug" value="https://bugreport.java.com/bugreport/"/>
    <property name="sun.io.unicode.encoding" value="UnicodeBig"/>
    <property name="sun.cpu.endian" value="little"/>
    <property name="socksNonProxyHosts" value="local|*.local|169.254/16|*.169.254/16"/>
    <property name="ftp.nonProxyHosts" value="local|*.local|169.254/16|*.169.254/16"/>
  </properties>
  <testcase name="test_toUpper_empty" classname="test_toUpper_empty(String)" time="0.008"/>
  <testcase name="test_toUpper_empty" classname="test_toUpper_empty(String)" time="0.006"/>
  <testcase name="test_toUpper_empty" classname="test_toUpper_empty(String)" time="0.003"/>
  <testcase name="test_toUpper_empty" classname="test_toUpper_empty(String)" time="0.001"/>
  <testcase name="test_null" classname="test_null(String)" time="0.002"/>
  <testcase name="test_reverse" classname="test_reverse(String, String)" time="0.001"/>
  <testcase name="test_reverse" classname="test_reverse(String, String)" time="0"/>
  <testcase name="test_reverse" classname="test_reverse(String, String)" time="0.001"/>
  <testcase name="test_reverse" classname="test_reverse(String, String)" time="0.001"/>
  <testcase name="test_reverse" classname="test_reverse(String, String)" time="0.001"/>
  <testcase name="test_reverse_empty" classname="test_reverse_empty(String)" time="0.001"/>
  <testcase name="test_reverse_empty" classname="test_reverse_empty(String)" time="0.001"/>
  <testcase name="test_reverse_empty" classname="test_reverse_empty(String)" time="0.001"/>
  <testcase name="test_reverse_empty" classname="test_reverse_empty(String)" time="0.001"/>
  <testcase name="test_toLower_empty" classname="test_toLower_empty(String)" time="0"/>
  <testcase name="test_toLower_empty" classname="test_toLower_empty(String)" time="0.001"/>
  <testcase name="test_toLower_empty" classname="test_toLower_empty(String)" time="0.001"/>
  <testcase name="test_toLower_empty" classname="test_toLower_empty(String)" time="0.001"/>
  <testcase name="test_toLower" classname="test_toLower(String, String)" time="0.002"/>
  <testcase name="test_toLower" classname="test_toLower(String, String)" time="0.001"/>
  <testcase name="test_toLower" classname="test_toLower(String, String)" time="0.001"/>
  <testcase name="test_toLower" classname="test_toLower(String, String)" time="0.001"/>
  <testcase name="test_toLower" classname="test_toLower(String, String)" time="0.001"/>
  <testcase name="test_toLower" classname="test_toLower(String, String)" time="0.001"/>
  <testcase name="test_toLower" classname="test_toLower(String, String)" time="0.001"/>
  <testcase name="test_toLower" classname="test_toLower(String, String)" time="0.002"/>
  <testcase name="test_toUpper" classname="test_toUpper(String, String)" time="0.001"/>
  <testcase name="test_toUpper" classname="test_toUpper(String, String)" time="0.002"/>
  <testcase name="test_toUpper" classname="test_toUpper(String, String)" time="0.001"/>
  <testcase name="test_toUpper" classname="test_toUpper(String, String)" time="0.001"/>
  <testcase name="test_toUpper" classname="test_toUpper(String, String)" time="0.001"/>
  <testcase name="test_toUpper" classname="test_toUpper(String, String)" time="0.001"/>
  <testcase name="test_toUpper" classname="test_toUpper(String, String)" time="0.001"/>
  <testcase name="test_toUpper" classname="test_toUpper(String, String)" time="0.001"/>
</testsuite>